2025-05-01T15:44:47.441Z [info]: Server is running on port 4070
2025-05-01T15:44:49.026Z [info]: Server is running on port 4070
2025-05-01T15:45:10.676Z [info]: Server is running on port 4070
2025-05-01T15:50:31.775Z [info]: Server is running on port 4070
2025-05-01T15:50:44.598Z [info]: Server is running on port 4070
2025-05-01T15:51:00.340Z [info]: Server is running on port 4070
2025-05-01T15:51:10.366Z [info]: Server is running on port 4070
2025-05-01T15:51:11.324Z [info]: Server is running on port 4070
2025-05-01T15:51:13.048Z [info]: Server is running on port 4070
2025-05-01T15:51:16.776Z [info]: Server is running on port 4070
2025-05-01T15:51:17.913Z [info]: Server is running on port 4070
2025-05-01T15:51:21.396Z [info]: Server is running on port 4070
2025-05-01T15:51:24.317Z [info]: Server is running on port 4070
2025-05-01T15:51:25.868Z [info]: Server is running on port 4070
2025-05-01T15:51:28.366Z [info]: Server is running on port 4070
2025-05-01T15:51:33.622Z [info]: Server is running on port 4070
2025-05-01T15:51:35.421Z [info]: Server is running on port 4070
2025-05-01T16:03:12.194Z [info]: Server is running on port 4070
2025-05-01T16:10:00.069Z [info]: Server is running on port 4070
2025-05-01T16:10:05.669Z [info]: Server is running on port 4070
2025-05-01T16:10:07.842Z [info]: Server is running on port 4070
2025-05-01T16:10:12.585Z [info]: Server is running on port 4070
2025-05-01T16:10:17.436Z [info]: Server is running on port 4070
2025-05-01T16:10:21.809Z [info]: Server is running on port 4070
2025-05-01T16:10:23.021Z [info]: Server is running on port 4070
2025-05-01T16:10:25.935Z [info]: Server is running on port 4070
2025-05-01T16:10:27.095Z [info]: Server is running on port 4070
2025-05-01T16:10:28.320Z [info]: Server is running on port 4070
2025-05-01T16:10:32.675Z [info]: Server is running on port 4070
2025-05-01T16:10:34.191Z [info]: Server is running on port 4070
2025-05-01T16:10:35.342Z [info]: Server is running on port 4070
2025-05-01T16:10:37.707Z [info]: Server is running on port 4070
2025-05-01T16:10:39.701Z [info]: Server is running on port 4070
2025-05-01T16:10:42.085Z [info]: Server is running on port 4070
2025-05-01T16:10:54.186Z [info]: Server is running on port 4070
2025-05-01T16:14:09.784Z [info]: Server is running on port 4070
2025-05-01T16:16:49.073Z [info]: Server is running on port 4070
2025-05-01T16:16:57.540Z [info]: Server is running on port 4070
2025-05-01T16:17:18.971Z [info]: Server is running on port 4070
2025-05-01T16:17:24.836Z [info]: Server is running on port 4070
2025-05-01T16:17:33.541Z [info]: Server is running on port 4070
2025-05-01T16:17:39.408Z [info]: Server is running on port 4070
2025-05-01T16:17:43.715Z [info]: Server is running on port 4070
2025-05-01T16:19:08.841Z [error]: Error registering user: User validation failed: fullName: Path `fullName` is required.
2025-05-01T16:19:29.797Z [error]: Error registering user: User validation failed: fullName: Path `fullName` is required.
2025-05-01T16:19:43.834Z [info]: Server is running on port 4070
2025-05-01T16:19:46.962Z [info]: Server is running on port 4070
2025-05-01T16:19:58.854Z [info]: Server is running on port 4070
2025-05-01T16:20:01.504Z [info]: Server is running on port 4070
2025-05-01T16:20:05.624Z [info]: Server is running on port 4070
2025-05-01T16:20:08.354Z [info]: Server is running on port 4070
2025-05-01T16:20:10.579Z [info]: Server is running on port 4070
2025-05-01T16:20:16.138Z [info]: Server is running on port 4070
2025-05-01T16:20:17.948Z [info]: Server is running on port 4070
2025-05-01T16:20:30.106Z [info]: Server is running on port 4070
2025-05-01T16:20:31.061Z [info]: Server is running on port 4070
2025-05-01T16:20:39.546Z [error]: Error registering user: User validation failed: fullName: Path `fullName` is required.
2025-05-01T16:21:10.680Z [info]: Server is running on port 4070
2025-05-01T16:21:13.769Z [info]: Server is running on port 4070
2025-05-01T16:23:22.519Z [info]: Server is running on port 4070
2025-05-01T16:23:25.539Z [info]: Server is running on port 4070
2025-05-01T16:23:26.622Z [info]: Server is running on port 4070
2025-05-01T16:23:37.205Z [info]: Server is running on port 4070
2025-05-01T16:23:46.765Z [info]: Server is running on port 4070
2025-05-01T16:23:49.522Z [info]: Server is running on port 4070
2025-05-01T16:23:51.146Z [info]: Server is running on port 4070
2025-05-01T16:24:51.937Z [info]: Server is running on port 4070
2025-05-01T16:26:04.909Z [info]: Server is running on port 4070
2025-05-01T16:30:13.577Z [info]: Server is running on port 4070
2025-05-01T16:32:01.736Z [info]: Server is running on port 4070
2025-05-01T16:32:04.407Z [info]: Server is running on port 4070
2025-05-01T16:33:54.954Z [info]: Server is running on port 4070
2025-05-01T16:34:16.094Z [info]: Server is running on port 4070
2025-05-01T16:34:36.708Z [info]: Server is running on port 4070
2025-05-01T16:34:40.458Z [info]: Server is running on port 4070
2025-05-01T16:34:48.158Z [info]: Server is running on port 4070
2025-05-01T16:36:42.708Z [info]: Server is running on port 4070
2025-05-01T16:39:14.494Z [info]: Server is running on port 4070
2025-05-02T06:13:04.407Z [info]: Server is running on port 4070
2025-05-02T06:13:19.610Z [info]: Server is running on port 4070
2025-05-02T06:13:21.951Z [info]: Server is running on port 4070
2025-05-02T06:13:24.075Z [info]: Server is running on port 4070
2025-05-02T06:14:56.099Z [info]: Server is running on port 4070
2025-05-02T06:15:09.079Z [info]: Server is running on port 4070
2025-05-02T06:15:12.295Z [info]: Server is running on port 4070
2025-05-02T06:15:17.690Z [info]: Server is running on port 4070
2025-05-02T06:15:22.631Z [info]: Server is running on port 4070
2025-05-02T06:15:28.290Z [info]: Server is running on port 4070
2025-05-02T06:15:33.927Z [info]: Server is running on port 4070
2025-05-02T06:15:42.511Z [info]: Server is running on port 4070
2025-05-02T06:15:49.787Z [info]: Server is running on port 4070
2025-05-02T06:21:03.689Z [info]: Server is running on port 4070
2025-05-02T06:21:07.828Z [info]: Server is running on port 4070
2025-05-02T06:21:11.478Z [info]: Server is running on port 4070
2025-05-02T06:21:24.156Z [info]: Server is running on port 4070
2025-05-02T06:28:26.664Z [info]: Server is running on port 4070
2025-05-02T06:29:25.459Z [info]: Server is running on port 4070
2025-05-02T06:32:09.741Z [info]: Server is running on port 4070
2025-05-02T06:32:20.948Z [info]: Server is running on port 4070
2025-05-02T06:32:54.120Z [info]: Server is running on port 4070
2025-05-02T06:32:57.316Z [info]: Server is running on port 4070
2025-05-02T06:33:33.693Z [info]: Server is running on port 4070
2025-05-02T06:33:36.878Z [info]: Server is running on port 4070
2025-05-02T06:33:44.066Z [info]: Server is running on port 4070
2025-05-02T06:33:45.528Z [info]: Server is running on port 4070
2025-05-02T06:33:49.808Z [info]: Server is running on port 4070
2025-05-02T06:33:51.640Z [info]: Server is running on port 4070
2025-05-02T06:36:05.331Z [info]: Server is running on port 4070
2025-05-02T06:36:07.869Z [info]: Server is running on port 4070
2025-05-02T06:36:26.038Z [info]: Server is running on port 4070
2025-05-02T06:38:36.474Z [info]: Server is running on port 4070
2025-05-02T06:38:55.761Z [info]: Server is running on port 4070
2025-05-02T06:38:58.581Z [info]: Server is running on port 4070
2025-05-02T06:39:02.550Z [info]: Server is running on port 4070
2025-05-02T06:39:24.403Z [info]: Server is running on port 4070
2025-05-02T06:39:27.265Z [info]: Server is running on port 4070
2025-05-02T06:39:29.664Z [info]: Server is running on port 4070
2025-05-02T06:39:34.681Z [info]: Server is running on port 4070
2025-05-02T06:39:51.029Z [info]: Server is running on port 4070
2025-05-02T06:40:27.868Z [info]: Server is running on port 4070
2025-05-02T06:40:30.669Z [info]: Server is running on port 4070
2025-05-02T06:40:34.486Z [info]: Server is running on port 4070
2025-05-02T06:40:37.557Z [info]: Server is running on port 4070
2025-05-02T06:40:40.432Z [info]: Server is running on port 4070
2025-05-02T06:40:43.572Z [info]: Server is running on port 4070
2025-05-02T06:40:48.217Z [info]: Server is running on port 4070
2025-05-02T06:40:53.008Z [info]: Server is running on port 4070
2025-05-02T06:40:56.167Z [info]: Server is running on port 4070
2025-05-02T06:41:04.440Z [info]: Server is running on port 4070
2025-05-02T06:41:06.615Z [info]: Server is running on port 4070
2025-05-02T06:43:12.453Z [info]: Server is running on port 4070
2025-05-02T06:43:15.059Z [info]: Server is running on port 4070
2025-05-02T06:43:23.357Z [info]: Server is running on port 4070
2025-05-02T06:43:33.288Z [info]: Server is running on port 4070
2025-05-02T06:43:35.920Z [info]: Server is running on port 4070
2025-05-02T06:43:40.394Z [info]: Server is running on port 4070
2025-05-02T06:43:44.245Z [info]: Server is running on port 4070
2025-05-02T06:43:51.069Z [info]: Server is running on port 4070
2025-05-02T06:43:55.242Z [info]: Server is running on port 4070
2025-05-02T06:43:57.565Z [info]: Server is running on port 4070
2025-05-02T06:44:01.617Z [info]: Server is running on port 4070
2025-05-02T06:44:04.454Z [info]: Server is running on port 4070
2025-05-02T06:44:06.277Z [info]: Server is running on port 4070
2025-05-02T06:44:07.813Z [info]: Server is running on port 4070
2025-05-02T06:44:11.366Z [info]: Server is running on port 4070
2025-05-02T06:44:14.080Z [info]: Server is running on port 4070
2025-05-02T06:44:16.574Z [info]: Server is running on port 4070
2025-05-02T06:44:18.221Z [info]: Server is running on port 4070
2025-05-02T06:44:21.233Z [info]: Server is running on port 4070
2025-05-02T06:44:31.215Z [info]: Server is running on port 4070
2025-05-02T06:44:39.006Z [info]: Server is running on port 4070
2025-05-02T06:44:42.666Z [info]: Server is running on port 4070
2025-05-02T06:45:00.558Z [info]: Server is running on port 4070
2025-05-02T06:45:04.680Z [info]: Server is running on port 4070
2025-05-02T06:45:09.420Z [info]: Server is running on port 4070
2025-05-02T06:45:14.033Z [info]: Server is running on port 4070
2025-05-02T06:45:19.015Z [info]: Server is running on port 4070
2025-05-02T06:45:22.853Z [info]: Server is running on port 4070
2025-05-02T06:45:24.073Z [info]: Server is running on port 4070
2025-05-02T06:45:25.722Z [info]: Server is running on port 4070
2025-05-02T06:45:28.566Z [info]: Server is running on port 4070
2025-05-02T06:45:31.551Z [info]: Server is running on port 4070
2025-05-02T07:24:47.566Z [info]: Server is running on port 4070
2025-05-04T08:09:14.433Z [info]: Server is running on port 4070
2025-05-04T08:09:42.624Z [info]: Server is running on port 4070
2025-05-04T08:19:16.057Z [info]: Server is running on port 4070
2025-05-04T08:19:17.225Z [info]: Server is running on port 4070
2025-05-04T08:21:42.677Z [info]: Server is running on port 4070
2025-05-04T08:26:09.855Z [info]: Server is running on port 4070
2025-05-04T08:26:15.345Z [info]: Server is running on port 4070
2025-05-04T08:26:23.750Z [info]: Server is running on port 4070
2025-05-04T08:33:04.396Z [info]: Server is running on port 4070
2025-05-04T08:33:11.511Z [info]: Server is running on port 4070
2025-05-04T08:33:38.618Z [info]: Server is running on port 4070
2025-05-04T08:33:49.870Z [info]: Server is running on port 4070
2025-05-04T08:34:13.554Z [info]: Server is running on port 4070
2025-05-04T08:34:15.719Z [info]: Server is running on port 4070
2025-05-04T08:34:52.269Z [info]: Server is running on port 4070
2025-05-04T08:35:07.381Z [info]: Server is running on port 4070
2025-05-04T08:35:11.451Z [info]: Server is running on port 4070
2025-05-04T08:35:30.362Z [info]: Server is running on port 4070
2025-05-04T08:35:40.911Z [info]: Server is running on port 4070
2025-05-04T08:35:45.753Z [info]: Server is running on port 4070
2025-05-04T08:36:32.322Z [info]: Server is running on port 4070
2025-05-04T08:36:43.229Z [info]: Server is running on port 4070
2025-05-04T08:36:52.099Z [info]: Server is running on port 4070
2025-05-04T08:36:54.676Z [info]: Server is running on port 4070
2025-05-04T08:37:16.578Z [info]: Server is running on port 4070
2025-05-04T08:37:23.706Z [info]: Server is running on port 4070
2025-05-04T08:37:28.364Z [info]: Server is running on port 4070
2025-05-04T08:37:30.252Z [info]: Server is running on port 4070
2025-05-04T08:39:23.683Z [info]: Server is running on port 4070
2025-05-04T08:40:31.400Z [info]: Server is running on port 4070
2025-05-04T08:43:24.609Z [info]: Server is running on port 4070
2025-05-04T08:43:27.258Z [info]: Server is running on port 4070
2025-05-04T08:43:47.952Z [info]: Server is running on port 4070
2025-05-04T08:43:49.599Z [info]: Server is running on port 4070
2025-05-04T08:47:13.363Z [info]: Server is running on port 4070
2025-05-04T08:48:08.076Z [info]: Server is running on port 4070
2025-05-04T08:48:13.478Z [info]: Server is running on port 4070
2025-05-04T08:49:33.507Z [info]: Server is running on port 4070
2025-05-04T08:53:14.786Z [error]: MulterError: Unexpected field
    at wrappedFileFilter (/home/tunde/Documents/shopLocal/node_modules/multer/index.js:40:19)
    at Multipart.<anonymous> (/home/tunde/Documents/shopLocal/node_modules/multer/lib/make-middleware.js:109:7)
    at Multipart.emit (node:events:507:28)
    at HeaderParser.cb (/home/tunde/Documents/shopLocal/node_modules/busboy/lib/types/multipart.js:358:14)
    at HeaderParser.push (/home/tunde/Documents/shopLocal/node_modules/busboy/lib/types/multipart.js:162:20)
    at SBMH.ssCb [as _cb] (/home/tunde/Documents/shopLocal/node_modules/busboy/lib/types/multipart.js:394:37)
    at feed (/home/tunde/Documents/shopLocal/node_modules/streamsearch/lib/sbmh.js:200:10)
    at SBMH.push (/home/tunde/Documents/shopLocal/node_modules/streamsearch/lib/sbmh.js:104:16)
    at Multipart._write (/home/tunde/Documents/shopLocal/node_modules/busboy/lib/types/multipart.js:567:19)
    at writeOrBuffer (node:internal/streams/writable:570:12)
2025-05-04T08:53:45.739Z [info]: Server is running on port 4070
2025-05-04T08:53:47.040Z [error]: MulterError: Unexpected field
    at wrappedFileFilter (/home/tunde/Documents/shopLocal/node_modules/multer/index.js:40:19)
    at Multipart.<anonymous> (/home/tunde/Documents/shopLocal/node_modules/multer/lib/make-middleware.js:109:7)
    at Multipart.emit (node:events:507:28)
    at HeaderParser.cb (/home/tunde/Documents/shopLocal/node_modules/busboy/lib/types/multipart.js:358:14)
    at HeaderParser.push (/home/tunde/Documents/shopLocal/node_modules/busboy/lib/types/multipart.js:162:20)
    at SBMH.ssCb [as _cb] (/home/tunde/Documents/shopLocal/node_modules/busboy/lib/types/multipart.js:394:37)
    at feed (/home/tunde/Documents/shopLocal/node_modules/streamsearch/lib/sbmh.js:248:10)
    at SBMH.push (/home/tunde/Documents/shopLocal/node_modules/streamsearch/lib/sbmh.js:104:16)
    at Multipart._write (/home/tunde/Documents/shopLocal/node_modules/busboy/lib/types/multipart.js:567:19)
    at writeOrBuffer (node:internal/streams/writable:570:12)
2025-05-04T08:54:30.859Z [info]: Server is running on port 4070
2025-05-04T09:05:26.344Z [info]: Server is running on port 4070
2025-05-04T09:08:36.587Z [info]: Server is running on port 4070
2025-05-04T09:09:19.069Z [info]: Server is running on port 4070
2025-05-04T09:11:07.646Z [info]: Server is running on port 4070
2025-05-04T09:12:49.486Z [info]: Server is running on port 4070
2025-05-04T09:13:27.297Z [info]: Server is running on port 4070
2025-05-04T09:13:35.545Z [info]: Server is running on port 4070
2025-05-04T09:13:37.231Z [info]: Server is running on port 4070
2025-05-04T09:14:23.186Z [info]: Server is running on port 4070
2025-05-04T09:17:51.515Z [info]: Server is running on port 4070
2025-05-04T09:20:24.962Z [info]: Server is running on port 4070
2025-05-04T09:26:02.826Z [info]: Server is running on port 4070
2025-05-04T09:26:10.703Z [info]: Server is running on port 4070
2025-05-04T09:26:13.289Z [info]: Server is running on port 4070
2025-05-04T09:26:54.870Z [info]: Server is running on port 4070
2025-05-04T09:27:02.522Z [info]: Server is running on port 4070
2025-05-04T09:27:04.153Z [info]: Server is running on port 4070
2025-05-04T09:27:06.582Z [info]: Looking for category ID:
2025-05-04T09:27:26.216Z [info]: Server is running on port 4070
2025-05-04T09:32:40.729Z [info]: Server is running on port 4070
2025-05-04T09:32:51.219Z [info]: Server is running on port 4070
2025-05-04T09:37:04.842Z [info]: Server is running on port 4070
2025-05-04T09:37:24.966Z [info]: Server is running on port 4070
2025-05-04T09:44:26.779Z [info]: Server is running on port 4070
2025-05-04T09:44:28.717Z [info]: Server is running on port 4070
2025-05-04T10:10:16.709Z [info]: Server is running on port 4070
2025-05-04T10:11:20.856Z [info]: Server is running on port 4070
2025-05-04T10:11:24.480Z [info]: Server is running on port 4070
2025-05-04T10:12:48.409Z [info]: Server is running on port 4070
2025-05-04T10:14:41.493Z [info]: Server is running on port 4070
2025-05-04T10:15:06.260Z [info]: Server is running on port 4070
2025-05-04T10:15:08.657Z [info]: Server is running on port 4070
2025-05-04T10:15:13.081Z [info]: Server is running on port 4070
2025-05-04T10:19:24.634Z [info]: Server is running on port 4070
2025-05-04T10:20:43.898Z [info]: Server is running on port 4070
2025-05-04T10:21:01.226Z [info]: Server is running on port 4070
2025-05-04T10:21:43.185Z [info]: Server is running on port 4070
2025-05-04T10:41:31.738Z [info]: Server is running on port 4070
2025-05-05T06:56:29.080Z [info]: Server is running on port 4070
2025-05-05T07:00:53.406Z [info]: Server is running on port 4070
2025-05-05T07:00:56.178Z [info]: Server is running on port 4070
2025-05-05T07:00:58.757Z [info]: Server is running on port 4070
2025-05-05T07:01:32.432Z [info]: Server is running on port 4070
2025-05-05T07:02:33.739Z [info]: Server is running on port 4070
2025-05-05T07:07:53.362Z [info]: Server is running on port 4070
2025-05-05T07:11:13.499Z [info]: Server is running on port 4070
2025-05-05T07:12:27.636Z [info]: Server is running on port 4070
2025-05-05T07:12:52.164Z [info]: Server is running on port 4070
2025-05-05T07:12:54.208Z [info]: Server is running on port 4070
2025-05-05T07:12:56.531Z [info]: Server is running on port 4070
2025-05-05T07:13:00.614Z [info]: Server is running on port 4070
2025-05-05T07:13:01.896Z [info]: Server is running on port 4070
2025-05-05T07:13:09.361Z [info]: Server is running on port 4070
2025-05-05T07:13:11.672Z [info]: Server is running on port 4070
2025-05-05T07:13:13.160Z [info]: Server is running on port 4070
2025-05-05T07:13:15.714Z [info]: Server is running on port 4070
2025-05-05T07:13:16.752Z [info]: Server is running on port 4070
2025-05-05T07:13:18.233Z [info]: Server is running on port 4070
2025-05-05T07:13:20.907Z [info]: Server is running on port 4070
2025-05-05T07:13:24.965Z [info]: Server is running on port 4070
2025-05-05T07:13:26.026Z [info]: Server is running on port 4070
2025-05-05T07:13:27.336Z [info]: Server is running on port 4070
2025-05-05T07:13:28.786Z [info]: Server is running on port 4070
2025-05-05T07:13:36.584Z [info]: Server is running on port 4070
2025-05-05T07:13:42.484Z [info]: Server is running on port 4070
2025-05-05T07:13:44.235Z [info]: Server is running on port 4070
2025-05-05T07:30:29.925Z [info]: Server is running on port 4070
2025-05-05T07:30:32.496Z [info]: Server is running on port 4070
2025-05-05T07:31:11.401Z [info]: Server is running on port 4070
2025-05-05T07:40:33.576Z [info]: Server is running on port 4070
2025-05-05T07:45:00.007Z [info]: Server is running on port 4070
2025-05-05T07:45:41.657Z [info]: Server is running on port 4070
2025-05-05T07:45:50.413Z [info]: Server is running on port 4070
2025-05-05T07:46:06.598Z [info]: Server is running on port 4070
2025-05-05T07:52:48.297Z [error]: TypeError: Cannot read properties of undefined (reading 'id')
    at exports.getCart (/home/tunde/Documents/shopLocal/controller/cartController.js:48:54)
    at Layer.handleRequest (/home/tunde/Documents/shopLocal/node_modules/router/lib/layer.js:152:17)
    at next (/home/tunde/Documents/shopLocal/node_modules/router/lib/route.js:157:13)
    at Route.dispatch (/home/tunde/Documents/shopLocal/node_modules/router/lib/route.js:117:3)
    at handle (/home/tunde/Documents/shopLocal/node_modules/router/index.js:435:11)
    at Layer.handleRequest (/home/tunde/Documents/shopLocal/node_modules/router/lib/layer.js:152:17)
    at /home/tunde/Documents/shopLocal/node_modules/router/index.js:295:15
    at processParams (/home/tunde/Documents/shopLocal/node_modules/router/index.js:582:12)
    at next (/home/tunde/Documents/shopLocal/node_modules/router/index.js:291:5)
    at Function.handle (/home/tunde/Documents/shopLocal/node_modules/router/index.js:186:3)
2025-05-05T07:53:05.489Z [info]: Server is running on port 4070
2025-05-05T07:53:09.902Z [error]: TypeError: Cannot read properties of undefined (reading 'id')
    at exports.getCart (/home/tunde/Documents/shopLocal/controller/cartController.js:48:54)
    at Layer.handleRequest (/home/tunde/Documents/shopLocal/node_modules/router/lib/layer.js:152:17)
    at next (/home/tunde/Documents/shopLocal/node_modules/router/lib/route.js:157:13)
    at Route.dispatch (/home/tunde/Documents/shopLocal/node_modules/router/lib/route.js:117:3)
    at handle (/home/tunde/Documents/shopLocal/node_modules/router/index.js:435:11)
    at Layer.handleRequest (/home/tunde/Documents/shopLocal/node_modules/router/lib/layer.js:152:17)
    at /home/tunde/Documents/shopLocal/node_modules/router/index.js:295:15
    at processParams (/home/tunde/Documents/shopLocal/node_modules/router/index.js:582:12)
    at next (/home/tunde/Documents/shopLocal/node_modules/router/index.js:291:5)
    at Function.handle (/home/tunde/Documents/shopLocal/node_modules/router/index.js:186:3)
2025-05-05T07:55:07.766Z [info]: Server is running on port 4070
2025-05-05T07:59:30.822Z [info]: Server is running on port 4070
2025-05-05T07:59:43.910Z [info]: Server is running on port 4070
2025-05-05T07:59:50.266Z [info]: Server is running on port 4070
2025-05-05T07:59:55.322Z [info]: Server is running on port 4070
2025-05-05T08:00:01.098Z [info]: Server is running on port 4070
2025-05-05T08:00:17.426Z [info]: Server is running on port 4070
2025-05-05T08:00:20.297Z [info]: Server is running on port 4070
2025-05-05T08:00:22.884Z [info]: Server is running on port 4070
2025-05-05T08:00:25.420Z [info]: Server is running on port 4070
2025-05-05T08:00:36.340Z [info]: Server is running on port 4070
2025-05-05T08:00:39.150Z [info]: Server is running on port 4070
2025-05-05T08:00:40.932Z [info]: Server is running on port 4070
2025-05-05T08:00:44.681Z [info]: Server is running on port 4070
2025-05-05T08:00:49.757Z [info]: Server is running on port 4070
2025-05-05T08:00:51.363Z [info]: Server is running on port 4070
2025-05-05T08:01:02.251Z [info]: Server is running on port 4070
2025-05-05T08:03:24.148Z [info]: Server is running on port 4070
2025-05-05T08:03:57.142Z [info]: Server is running on port 4070
2025-05-05T08:04:03.089Z [info]: Server is running on port 4070
2025-05-05T09:48:47.669Z [info]: Server is running on port 4070
